\BOOKMARK [1][-]{section.1}{\376\377\000I\000n\000t\000r\000o\000d\000u\000c\000t\000i\000o\000n}{}% 1
\BOOKMARK [2][-]{subsection.1.1}{\376\377\000B\000a\000c\000k\000g\000r\000o\000u\000n\000d\000\040\000a\000n\000d\000\040\000M\000o\000t\000i\000v\000a\000t\000i\000o\000n}{section.1}% 2
\BOOKMARK [2][-]{subsection.1.2}{\376\377\000K\000e\000y\000\040\000C\000o\000n\000t\000r\000i\000b\000u\000t\000i\000o\000n\000s}{section.1}% 3
\BOOKMARK [2][-]{subsection.1.3}{\376\377\000P\000a\000p\000e\000r\000\040\000O\000r\000g\000a\000n\000i\000z\000a\000t\000i\000o\000n}{section.1}% 4
\BOOKMARK [1][-]{section.2}{\376\377\000B\000a\000c\000k\000g\000r\000o\000u\000n\000d\000\040\000a\000n\000d\000\040\000R\000e\000l\000a\000t\000e\000d\000\040\000W\000o\000r\000k}{}% 5
\BOOKMARK [2][-]{subsection.2.1}{\376\377\000T\000h\000e\000o\000r\000e\000t\000i\000c\000a\000l\000\040\000F\000o\000u\000n\000d\000a\000t\000i\000o\000n\000s}{section.2}% 6
\BOOKMARK [3][-]{subsubsection.2.1.1}{\376\377\000D\000o\000u\000b\000l\000e\000\040\000P\000u\000s\000h\000o\000u\000t\000\040\000G\000r\000a\000p\000h\000\040\000R\000e\000w\000r\000i\000t\000i\000n\000g}{subsection.2.1}% 7
\BOOKMARK [3][-]{subsubsection.2.1.2}{\376\377\000I\000S\000O\000\040\000G\000r\000a\000p\000h\000\040\000Q\000u\000e\000r\000y\000\040\000L\000a\000n\000g\000u\000a\000g\000e}{subsection.2.1}% 8
\BOOKMARK [3][-]{subsubsection.2.1.3}{\376\377\000M\000e\000r\000k\000l\000e\000\040\000D\000A\000G\000\040\000P\000e\000r\000s\000i\000s\000t\000e\000n\000c\000e}{subsection.2.1}% 9
\BOOKMARK [3][-]{subsubsection.2.1.4}{\376\377\000P\000r\000o\000c\000e\000s\000s\000\040\000N\000e\000t\000w\000o\000r\000k\000\040\000G\000r\000a\000p\000h\000\040\000M\000o\000d\000e\000l}{subsection.2.1}% 10
\BOOKMARK [3][-]{subsubsection.2.1.5}{\376\377\000A\000l\000g\000o\000r\000i\000t\000h\000m\000i\000c\000\040\000C\000o\000m\000p\000l\000e\000x\000i\000t\000y\000\040\000A\000n\000a\000l\000y\000s\000i\000s}{subsection.2.1}% 11
\BOOKMARK [2][-]{subsection.2.2}{\376\377\000T\000h\000e\000o\000r\000e\000t\000i\000c\000a\000l\000\040\000C\000o\000n\000t\000r\000i\000b\000u\000t\000i\000o\000n\000s\000\040\000a\000n\000d\000\040\000F\000o\000r\000m\000a\000l\000\040\000P\000r\000o\000p\000e\000r\000t\000i\000e\000s}{section.2}% 12
\BOOKMARK [3][-]{subsubsection.2.2.1}{\376\377\000F\000o\000r\000m\000a\000l\000\040\000P\000r\000o\000p\000e\000r\000t\000i\000e\000s\000\040\000o\000f\000\040\000P\000r\000o\000c\000e\000s\000s\000\040\000N\000e\000t\000w\000o\000r\000k\000\040\000G\000r\000a\000p\000h\000s}{subsection.2.2}% 13
\BOOKMARK [3][-]{subsubsection.2.2.2}{\376\377\000U\000n\000i\000f\000i\000c\000a\000t\000i\000o\000n\000\040\000o\000f\000\040\000D\000e\000c\000l\000a\000r\000a\000t\000i\000v\000e\000\040\000a\000n\000d\000\040\000I\000m\000p\000e\000r\000a\000t\000i\000v\000e\000\040\000P\000a\000r\000a\000d\000i\000g\000m\000s}{subsection.2.2}% 14
\BOOKMARK [2][-]{subsection.2.3}{\376\377\000J\000s\000o\000n\000n\000e\000t\000\040\000a\000n\000d\000\040\000D\000e\000c\000l\000a\000r\000a\000t\000i\000v\000e\000\040\000C\000o\000n\000f\000i\000g\000u\000r\000a\000t\000i\000o\000n}{section.2}% 15
\BOOKMARK [3][-]{subsubsection.2.3.1}{\376\377\000T\000h\000e\000o\000r\000e\000t\000i\000c\000a\000l\000\040\000C\000o\000m\000p\000a\000r\000i\000s\000o\000n\000\040\000w\000i\000t\000h\000\040\000E\000x\000i\000s\000t\000i\000n\000g\000\040\000S\000y\000s\000t\000e\000m\000s}{subsection.2.3}% 16
\BOOKMARK [3][-]{subsubsection.2.3.2}{\376\377\000N\000o\000v\000e\000l\000\040\000C\000o\000n\000t\000r\000i\000b\000u\000t\000i\000o\000n\000s\000\040\000t\000o\000\040\000G\000r\000a\000p\000h\000\040\000P\000r\000o\000c\000e\000s\000s\000i\000n\000g\000\040\000T\000h\000e\000o\000r\000y}{subsection.2.3}% 17
\BOOKMARK [2][-]{subsection.2.4}{\376\377\000I\000m\000p\000l\000i\000c\000a\000t\000i\000o\000n\000s\000\040\000f\000o\000r\000\040\000G\000r\000a\000p\000h\000\040\000P\000r\000o\000c\000e\000s\000s\000i\000n\000g\000\040\000T\000h\000e\000o\000r\000y}{section.2}% 18
\BOOKMARK [3][-]{subsubsection.2.4.1}{\376\377\000B\000r\000o\000a\000d\000e\000r\000\040\000T\000h\000e\000o\000r\000e\000t\000i\000c\000a\000l\000\040\000I\000m\000p\000a\000c\000t}{subsection.2.4}% 19
\BOOKMARK [3][-]{subsubsection.2.4.2}{\376\377\000F\000u\000t\000u\000r\000e\000\040\000R\000e\000s\000e\000a\000r\000c\000h\000\040\000D\000i\000r\000e\000c\000t\000i\000o\000n\000s}{subsection.2.4}% 20
\BOOKMARK [2][-]{subsection.2.5}{\376\377\000G\000r\000a\000p\000h\000\040\000P\000r\000o\000c\000e\000s\000s\000i\000n\000g\000\040\000S\000y\000s\000t\000e\000m\000s}{section.2}% 21
\BOOKMARK [3][-]{subsubsection.2.5.1}{\376\377\000G\000r\000a\000p\000h\000\040\000D\000a\000t\000a\000b\000a\000s\000e\000s}{subsection.2.5}% 22
\BOOKMARK [3][-]{subsubsection.2.5.2}{\376\377\000D\000i\000s\000t\000r\000i\000b\000u\000t\000e\000d\000\040\000G\000r\000a\000p\000h\000\040\000P\000r\000o\000c\000e\000s\000s\000i\000n\000g}{subsection.2.5}% 23
\BOOKMARK [3][-]{subsubsection.2.5.3}{\376\377\000G\000r\000a\000p\000h\000\040\000R\000e\000w\000r\000i\000t\000i\000n\000g\000\040\000S\000y\000s\000t\000e\000m\000s}{subsection.2.5}% 24
\BOOKMARK [2][-]{subsection.2.6}{\376\377\000D\000e\000c\000l\000a\000r\000a\000t\000i\000v\000e\000\040\000P\000r\000o\000g\000r\000a\000m\000m\000i\000n\000g\000\040\000L\000a\000n\000g\000u\000a\000g\000e\000s}{section.2}% 25
\BOOKMARK [1][-]{section.3}{\376\377\000S\000y\000s\000t\000e\000m\000\040\000A\000r\000c\000h\000i\000t\000e\000c\000t\000u\000r\000e}{}% 26
\BOOKMARK [2][-]{subsection.3.1}{\376\377\000P\000r\000o\000c\000e\000s\000s\000\040\000N\000e\000t\000w\000o\000r\000k\000\040\000G\000r\000a\000p\000h\000\040\000M\000o\000d\000e\000l}{section.3}% 27
\BOOKMARK [3][-]{subsubsection.3.1.1}{\376\377\000D\000A\000G\000\040\000C\000o\000n\000f\000i\000g\000u\000r\000a\000t\000i\000o\000n\000\040\000w\000i\000t\000h\000\040\000J\000s\000o\000n\000n\000e\000t}{subsection.3.1}% 28
\BOOKMARK [3][-]{subsubsection.3.1.2}{\376\377\000A\000u\000t\000o\000m\000a\000t\000i\000c\000\040\000D\000e\000p\000e\000n\000d\000e\000n\000c\000y\000\040\000R\000e\000s\000o\000l\000u\000t\000i\000o\000n}{subsection.3.1}% 29
\BOOKMARK [2][-]{subsection.3.2}{\376\377\000D\000e\000c\000l\000a\000r\000a\000t\000i\000v\000e\000\040\000P\000r\000o\000g\000r\000a\000m\000m\000i\000n\000g\000\040\000w\000i\000t\000h\000\040\000.\000k\000o\000t\000o\000b\000a\000\040\000F\000i\000l\000e\000s}{section.3}% 30
\BOOKMARK [3][-]{subsubsection.3.2.1}{\376\377\000.\000k\000o\000t\000o\000b\000a\000\040\000F\000i\000l\000e\000\040\000S\000t\000r\000u\000c\000t\000u\000r\000e}{subsection.3.2}% 31
\BOOKMARK [3][-]{subsubsection.3.2.2}{\376\377\000E\000x\000e\000c\000u\000t\000i\000o\000n\000\040\000P\000i\000p\000e\000l\000i\000n\000e}{subsection.3.2}% 32
\BOOKMARK [2][-]{subsection.3.3}{\376\377\000C\000o\000r\000e\000\040\000I\000n\000t\000e\000r\000m\000e\000d\000i\000a\000t\000e\000\040\000R\000e\000p\000r\000e\000s\000e\000n\000t\000a\000t\000i\000o\000n\000s}{section.3}% 33
\BOOKMARK [3][-]{subsubsection.3.3.1}{\376\377\000R\000u\000l\000e\000-\000I\000R\000:\000\040\000D\000P\000O\000\040\000G\000r\000a\000p\000h\000\040\000R\000e\000w\000r\000i\000t\000i\000n\000g}{subsection.3.3}% 34
\BOOKMARK [3][-]{subsubsection.3.3.2}{\376\377\000Q\000u\000e\000r\000y\000-\000I\000R\000:\000\040\000G\000Q\000L\000\040\000L\000o\000g\000i\000c\000a\000l\000\040\000P\000l\000a\000n\000s}{subsection.3.3}% 35
\BOOKMARK [3][-]{subsubsection.3.3.3}{\376\377\000S\000t\000r\000a\000t\000e\000g\000y\000-\000I\000R\000:\000\040\000E\000x\000e\000c\000u\000t\000i\000o\000n\000\040\000S\000t\000r\000a\000t\000e\000g\000i\000e\000s}{subsection.3.3}% 36
\BOOKMARK [3][-]{subsubsection.3.3.4}{\376\377\000P\000a\000t\000c\000h\000-\000I\000R\000:\000\040\000G\000r\000a\000p\000h\000\040\000M\000o\000d\000i\000f\000i\000c\000a\000t\000i\000o\000n\000s}{subsection.3.3}% 37
\BOOKMARK [1][-]{section.4}{\376\377\000I\000m\000p\000l\000e\000m\000e\000n\000t\000a\000t\000i\000o\000n\000\040\000D\000e\000t\000a\000i\000l\000s}{}% 38
\BOOKMARK [2][-]{subsection.4.1}{\376\377\000J\000s\000o\000n\000n\000e\000t\000\040\000I\000m\000p\000l\000e\000m\000e\000n\000t\000a\000t\000i\000o\000n}{section.4}% 39
\BOOKMARK [3][-]{subsubsection.4.1.1}{\376\377\000C\000o\000m\000p\000l\000e\000t\000e\000\040\000L\000a\000n\000g\000u\000a\000g\000e\000\040\000S\000u\000p\000p\000o\000r\000t}{subsection.4.1}% 40
\BOOKMARK [3][-]{subsubsection.4.1.2}{\376\377\000I\000m\000p\000l\000e\000m\000e\000n\000t\000a\000t\000i\000o\000n\000\040\000A\000r\000c\000h\000i\000t\000e\000c\000t\000u\000r\000e}{subsection.4.1}% 41
\BOOKMARK [3][-]{subsubsection.4.1.3}{\376\377\000P\000e\000r\000f\000o\000r\000m\000a\000n\000c\000e\000\040\000O\000p\000t\000i\000m\000i\000z\000a\000t\000i\000o\000n\000s}{subsection.4.1}% 42
\BOOKMARK [2][-]{subsection.4.2}{\376\377\000G\000r\000a\000p\000h\000\040\000P\000r\000o\000c\000e\000s\000s\000i\000n\000g\000\040\000E\000n\000g\000i\000n\000e}{section.4}% 43
\BOOKMARK [3][-]{subsubsection.4.2.1}{\376\377\000C\000o\000l\000u\000m\000n\000a\000r\000\040\000G\000r\000a\000p\000h\000\040\000S\000t\000o\000r\000a\000g\000e}{subsection.4.2}% 44
\BOOKMARK [3][-]{subsubsection.4.2.2}{\376\377\000L\000S\000M\000\040\000T\000r\000e\000e\000\040\000I\000n\000t\000e\000g\000r\000a\000t\000i\000o\000n}{subsection.4.2}% 45
\BOOKMARK [3][-]{subsubsection.4.2.3}{\376\377\000M\000V\000C\000C\000\040\000a\000n\000d\000\040\000M\000e\000r\000k\000l\000e\000\040\000D\000A\000G}{subsection.4.2}% 46
\BOOKMARK [2][-]{subsection.4.3}{\376\377\000D\000i\000s\000t\000r\000i\000b\000u\000t\000e\000d\000\040\000E\000x\000e\000c\000u\000t\000i\000o\000n}{section.4}% 47
\BOOKMARK [3][-]{subsubsection.4.3.1}{\376\377\000C\000I\000D\000-\000B\000a\000s\000e\000d\000\040\000A\000d\000d\000r\000e\000s\000s\000i\000n\000g}{subsection.4.3}% 48
\BOOKMARK [3][-]{subsubsection.4.3.2}{\376\377\000C\000l\000u\000s\000t\000e\000r\000\040\000M\000a\000n\000a\000g\000e\000m\000e\000n\000t}{subsection.4.3}% 49
\BOOKMARK [2][-]{subsection.4.4}{\376\377\000A\000d\000v\000a\000n\000c\000e\000d\000\040\000F\000e\000a\000t\000u\000r\000e\000s}{section.4}% 50
\BOOKMARK [3][-]{subsubsection.4.4.1}{\376\377\000W\000o\000r\000k\000f\000l\000o\000w\000\040\000E\000n\000g\000i\000n\000e}{subsection.4.4}% 51
\BOOKMARK [3][-]{subsubsection.4.4.2}{\376\377\000S\000e\000c\000u\000r\000i\000t\000y\000\040\000S\000y\000s\000t\000e\000m}{subsection.4.4}% 52
\BOOKMARK [3][-]{subsubsection.4.4.3}{\376\377\000D\000o\000c\000u\000m\000e\000n\000t\000a\000t\000i\000o\000n\000\040\000G\000e\000n\000e\000r\000a\000t\000o\000r}{subsection.4.4}% 53
\BOOKMARK [3][-]{subsubsection.4.4.4}{\376\377\000D\000e\000p\000l\000o\000y\000m\000e\000n\000t\000\040\000E\000x\000t\000e\000n\000s\000i\000o\000n\000s}{subsection.4.4}% 54
\BOOKMARK [1][-]{section.5}{\376\377\000E\000v\000a\000l\000u\000a\000t\000i\000o\000n}{}% 55
\BOOKMARK [2][-]{subsection.5.1}{\376\377\000P\000e\000r\000f\000o\000r\000m\000a\000n\000c\000e\000\040\000B\000e\000n\000c\000h\000m\000a\000r\000k\000s}{section.5}% 56
\BOOKMARK [3][-]{subsubsection.5.1.1}{\376\377\000J\000s\000o\000n\000n\000e\000t\000\040\000E\000v\000a\000l\000u\000a\000t\000i\000o\000n\000\040\000P\000e\000r\000f\000o\000r\000m\000a\000n\000c\000e}{subsection.5.1}% 57
\BOOKMARK [3][-]{subsubsection.5.1.2}{\376\377\000G\000r\000a\000p\000h\000\040\000O\000p\000e\000r\000a\000t\000i\000o\000n\000s\000\040\000P\000e\000r\000f\000o\000r\000m\000a\000n\000c\000e}{subsection.5.1}% 58
\BOOKMARK [3][-]{subsubsection.5.1.3}{\376\377\000L\000D\000B\000C\000-\000S\000N\000B\000\040\000B\000e\000n\000c\000h\000m\000a\000r\000k\000\040\000R\000e\000s\000u\000l\000t\000s}{subsection.5.1}% 59
\BOOKMARK [2][-]{subsection.5.2}{\376\377\000Q\000u\000a\000l\000i\000t\000y\000\040\000M\000e\000t\000r\000i\000c\000s}{section.5}% 60
\BOOKMARK [3][-]{subsubsection.5.2.1}{\376\377\000T\000e\000s\000t\000\040\000C\000o\000v\000e\000r\000a\000g\000e\000\040\000a\000n\000d\000\040\000C\000o\000m\000p\000a\000t\000i\000b\000i\000l\000i\000t\000y}{subsection.5.2}% 61
\BOOKMARK [3][-]{subsubsection.5.2.2}{\376\377\000M\000e\000m\000o\000r\000y\000\040\000S\000a\000f\000e\000t\000y\000\040\000a\000n\000d\000\040\000P\000e\000r\000f\000o\000r\000m\000a\000n\000c\000e}{subsection.5.2}% 62
\BOOKMARK [3][-]{subsubsection.5.2.3}{\376\377\000C\000o\000d\000e\000\040\000Q\000u\000a\000l\000i\000t\000y\000\040\000A\000n\000a\000l\000y\000s\000i\000s}{subsection.5.2}% 63
\BOOKMARK [2][-]{subsection.5.3}{\376\377\000S\000c\000a\000l\000a\000b\000i\000l\000i\000t\000y\000\040\000A\000n\000a\000l\000y\000s\000i\000s}{section.5}% 64
\BOOKMARK [3][-]{subsubsection.5.3.1}{\376\377\000D\000i\000s\000t\000r\000i\000b\000u\000t\000e\000d\000\040\000P\000e\000r\000f\000o\000r\000m\000a\000n\000c\000e}{subsection.5.3}% 65
\BOOKMARK [3][-]{subsubsection.5.3.2}{\376\377\000D\000a\000t\000a\000\040\000S\000i\000z\000e\000\040\000S\000c\000a\000l\000a\000b\000i\000l\000i\000t\000y}{subsection.5.3}% 66
\BOOKMARK [3][-]{subsubsection.5.3.3}{\376\377\000M\000e\000m\000o\000r\000y\000\040\000U\000s\000a\000g\000e\000\040\000A\000n\000a\000l\000y\000s\000i\000s}{subsection.5.3}% 67
\BOOKMARK [3][-]{subsubsection.5.3.4}{\376\377\000C\000P\000U\000\040\000U\000t\000i\000l\000i\000z\000a\000t\000i\000o\000n\000\040\000A\000n\000a\000l\000y\000s\000i\000s}{subsection.5.3}% 68
\BOOKMARK [3][-]{subsubsection.5.3.5}{\376\377\000N\000e\000t\000w\000o\000r\000k\000\040\000L\000a\000t\000e\000n\000c\000y\000\040\000A\000n\000a\000l\000y\000s\000i\000s}{subsection.5.3}% 69
\BOOKMARK [3][-]{subsubsection.5.3.6}{\376\377\000L\000o\000n\000g\000-\000t\000e\000r\000m\000\040\000S\000t\000a\000b\000i\000l\000i\000t\000y\000\040\000T\000e\000s\000t}{subsection.5.3}% 70
\BOOKMARK [3][-]{subsubsection.5.3.7}{\376\377\000S\000t\000o\000r\000a\000g\000e\000\040\000E\000f\000f\000i\000c\000i\000e\000n\000c\000y}{subsection.5.3}% 71
\BOOKMARK [3][-]{subsubsection.5.3.8}{\376\377\000C\000a\000c\000h\000e\000\040\000P\000e\000r\000f\000o\000r\000m\000a\000n\000c\000e\000\040\000A\000n\000a\000l\000y\000s\000i\000s}{subsection.5.3}% 72
\BOOKMARK [3][-]{subsubsection.5.3.9}{\376\377\000C\000o\000n\000c\000u\000r\000r\000e\000n\000t\000\040\000W\000o\000r\000k\000l\000o\000a\000d\000\040\000A\000n\000a\000l\000y\000s\000i\000s}{subsection.5.3}% 73
\BOOKMARK [1][-]{section.6}{\376\377\000C\000a\000s\000e\000\040\000S\000t\000u\000d\000i\000e\000s\000\040\000a\000n\000d\000\040\000A\000p\000p\000l\000i\000c\000a\000t\000i\000o\000n\000s}{}% 74
\BOOKMARK [2][-]{subsection.6.1}{\376\377\000H\000T\000T\000P\000\040\000S\000e\000r\000v\000e\000r\000\040\000a\000s\000\040\000G\000r\000a\000p\000h\000\040\000T\000r\000a\000n\000s\000f\000o\000r\000m\000a\000t\000i\000o\000n}{section.6}% 75
\BOOKMARK [3][-]{subsubsection.6.1.1}{\376\377\000A\000r\000c\000h\000i\000t\000e\000c\000t\000u\000r\000e\000\040\000O\000v\000e\000r\000v\000i\000e\000w}{subsection.6.1}% 76
\BOOKMARK [3][-]{subsubsection.6.1.2}{\376\377\000E\000x\000a\000m\000p\000l\000e\000\040\000I\000m\000p\000l\000e\000m\000e\000n\000t\000a\000t\000i\000o\000n}{subsection.6.1}% 77
\BOOKMARK [3][-]{subsubsection.6.1.3}{\376\377\000P\000e\000r\000f\000o\000r\000m\000a\000n\000c\000e\000\040\000C\000o\000m\000p\000a\000r\000i\000s\000o\000n}{subsection.6.1}% 78
\BOOKMARK [2][-]{subsection.6.2}{\376\377\000S\000o\000c\000i\000a\000l\000\040\000N\000e\000t\000w\000o\000r\000k\000\040\000A\000n\000a\000l\000y\000s\000i\000s}{section.6}% 79
\BOOKMARK [3][-]{subsubsection.6.2.1}{\376\377\000G\000r\000a\000p\000h\000\040\000R\000e\000w\000r\000i\000t\000i\000n\000g\000\040\000f\000o\000r\000\040\000N\000e\000t\000w\000o\000r\000k\000\040\000A\000n\000a\000l\000y\000s\000i\000s}{subsection.6.2}% 80
\BOOKMARK [3][-]{subsubsection.6.2.2}{\376\377\000T\000r\000i\000a\000n\000g\000l\000e\000\040\000C\000o\000l\000l\000a\000p\000s\000e\000\040\000E\000x\000a\000m\000p\000l\000e}{subsection.6.2}% 81
\BOOKMARK [2][-]{subsection.6.3}{\376\377\000W\000o\000r\000k\000f\000l\000o\000w\000\040\000O\000r\000c\000h\000e\000s\000t\000r\000a\000t\000i\000o\000n}{section.6}% 82
\BOOKMARK [3][-]{subsubsection.6.3.1}{\376\377\000T\000e\000m\000p\000o\000r\000a\000l\000\040\000W\000o\000r\000k\000f\000l\000o\000w\000\040\000E\000n\000g\000i\000n\000e}{subsection.6.3}% 83
\BOOKMARK [3][-]{subsubsection.6.3.2}{\376\377\000E\000x\000a\000m\000p\000l\000e\000\040\000W\000o\000r\000k\000f\000l\000o\000w\000\040\000D\000e\000f\000i\000n\000i\000t\000i\000o\000n}{subsection.6.3}% 84
\BOOKMARK [2][-]{subsection.6.4}{\376\377\000A\000d\000v\000a\000n\000c\000e\000d\000\040\000D\000e\000p\000l\000o\000y\000m\000e\000n\000t\000\040\000S\000c\000e\000n\000a\000r\000i\000o\000s}{section.6}% 85
\BOOKMARK [3][-]{subsubsection.6.4.1}{\376\377\000A\000I\000-\000P\000o\000w\000e\000r\000e\000d\000\040\000S\000c\000a\000l\000i\000n\000g}{subsection.6.4}% 86
\BOOKMARK [3][-]{subsubsection.6.4.2}{\376\377\000C\000a\000n\000a\000r\000y\000\040\000D\000e\000p\000l\000o\000y\000m\000e\000n\000t\000\040\000E\000x\000a\000m\000p\000l\000e}{subsection.6.4}% 87
\BOOKMARK [1][-]{section.7}{\376\377\000F\000u\000t\000u\000r\000e\000\040\000W\000o\000r\000k\000\040\000a\000n\000d\000\040\000E\000x\000t\000e\000n\000s\000i\000o\000n\000s}{}% 88
\BOOKMARK [2][-]{subsection.7.1}{\376\377\000W\000e\000b\000A\000s\000s\000e\000m\000b\000l\000y\000\040\000R\000u\000n\000t\000i\000m\000e}{section.7}% 89
\BOOKMARK [3][-]{subsubsection.7.1.1}{\376\377\000A\000r\000c\000h\000i\000t\000e\000c\000t\000u\000r\000e\000\040\000O\000v\000e\000r\000v\000i\000e\000w}{subsection.7.1}% 90
\BOOKMARK [3][-]{subsubsection.7.1.2}{\376\377\000R\000e\000s\000e\000a\000r\000c\000h\000\040\000C\000h\000a\000l\000l\000e\000n\000g\000e\000s}{subsection.7.1}% 91
\BOOKMARK [2][-]{subsection.7.2}{\376\377\000K\000u\000b\000e\000r\000n\000e\000t\000e\000s\000\040\000O\000p\000e\000r\000a\000t\000o\000r}{section.7}% 92
\BOOKMARK [3][-]{subsubsection.7.2.1}{\376\377\000O\000p\000e\000r\000a\000t\000o\000r\000\040\000A\000r\000c\000h\000i\000t\000e\000c\000t\000u\000r\000e}{subsection.7.2}% 93
\BOOKMARK [3][-]{subsubsection.7.2.2}{\376\377\000A\000d\000v\000a\000n\000c\000e\000d\000\040\000F\000e\000a\000t\000u\000r\000e\000s}{subsection.7.2}% 94
\BOOKMARK [2][-]{subsection.7.3}{\376\377\000A\000I\000/\000M\000L\000\040\000I\000n\000t\000e\000g\000r\000a\000t\000i\000o\000n}{section.7}% 95
\BOOKMARK [3][-]{subsubsection.7.3.1}{\376\377\000M\000a\000c\000h\000i\000n\000e\000\040\000L\000e\000a\000r\000n\000i\000n\000g\000\040\000P\000i\000p\000e\000l\000i\000n\000e}{subsection.7.3}% 96
\BOOKMARK [3][-]{subsubsection.7.3.2}{\376\377\000R\000e\000s\000e\000a\000r\000c\000h\000\040\000D\000i\000r\000e\000c\000t\000i\000o\000n\000s}{subsection.7.3}% 97
\BOOKMARK [2][-]{subsection.7.4}{\376\377\000R\000e\000a\000l\000-\000t\000i\000m\000e\000\040\000P\000r\000o\000c\000e\000s\000s\000i\000n\000g}{section.7}% 98
\BOOKMARK [3][-]{subsubsection.7.4.1}{\376\377\000S\000t\000r\000e\000a\000m\000i\000n\000g\000\040\000A\000r\000c\000h\000i\000t\000e\000c\000t\000u\000r\000e}{subsection.7.4}% 99
\BOOKMARK [3][-]{subsubsection.7.4.2}{\376\377\000P\000e\000r\000f\000o\000r\000m\000a\000n\000c\000e\000\040\000O\000p\000t\000i\000m\000i\000z\000a\000t\000i\000o\000n}{subsection.7.4}% 100
\BOOKMARK [2][-]{subsection.7.5}{\376\377\000C\000l\000o\000u\000d\000-\000N\000a\000t\000i\000v\000e\000\040\000E\000x\000t\000e\000n\000s\000i\000o\000n\000s}{section.7}% 101
\BOOKMARK [3][-]{subsubsection.7.5.1}{\376\377\000M\000u\000l\000t\000i\000-\000C\000l\000o\000u\000d\000\040\000I\000n\000t\000e\000g\000r\000a\000t\000i\000o\000n}{subsection.7.5}% 102
\BOOKMARK [3][-]{subsubsection.7.5.2}{\376\377\000S\000e\000r\000v\000e\000r\000l\000e\000s\000s\000\040\000I\000n\000t\000e\000g\000r\000a\000t\000i\000o\000n}{subsection.7.5}% 103
\BOOKMARK [1][-]{section.8}{\376\377\000C\000o\000n\000c\000l\000u\000s\000i\000o\000n}{}% 104
\BOOKMARK [2][-]{subsection.8.1}{\376\377\000K\000e\000y\000\040\000A\000c\000h\000i\000e\000v\000e\000m\000e\000n\000t\000s}{section.8}% 105
\BOOKMARK [2][-]{subsection.8.2}{\376\377\000B\000r\000o\000a\000d\000e\000r\000\040\000I\000m\000p\000a\000c\000t}{section.8}% 106
\BOOKMARK [3][-]{subsubsection.8.2.1}{\376\377\000A\000c\000a\000d\000e\000m\000i\000c\000\040\000R\000e\000s\000e\000a\000r\000c\000h}{subsection.8.2}% 107
\BOOKMARK [3][-]{subsubsection.8.2.2}{\376\377\000I\000n\000d\000u\000s\000t\000r\000y\000\040\000A\000p\000p\000l\000i\000c\000a\000t\000i\000o\000n\000s}{subsection.8.2}% 108
\BOOKMARK [3][-]{subsubsection.8.2.3}{\376\377\000O\000p\000e\000n\000\040\000S\000o\000u\000r\000c\000e\000\040\000E\000c\000o\000s\000y\000s\000t\000e\000m}{subsection.8.2}% 109
\BOOKMARK [2][-]{subsection.8.3}{\376\377\000F\000u\000t\000u\000r\000e\000\040\000O\000u\000t\000l\000o\000o\000k}{section.8}% 110
